<?xml version="1.0" encoding="UTF-8"?>
<!-- Generated by org.testng.reporters.JUnitXMLReporter -->
<testsuite ignored="0" hostname="PF1A7WE7" failures="1" tests="1" name="get" time="0.104" errors="0" timestamp="2022-10-11T09:22:52 IST">
  <testcase classname="suite1.suite1downloads" name="@AfterTest afterTest" time="0.0">
    <failure type="java.lang.NullPointerException" message="Cannot invoke &amp;quot;org.openqa.selenium.WebDriver.quit()&amp;quot; because &amp;quot;this.driver&amp;quot; is null">
      <![CDATA[java.lang.NullPointerException: Cannot invoke "org.openqa.selenium.WebDriver.quit()" because "this.driver" is null
at suite1.suite1downloads.afterTest(suite1downloads.java:392)
... Removed 24 stack frames]]>
    </failure>
  </testcase> <!-- @AfterTest afterTest -->
  <testcase classname="suite1.suite1downloads" name="testEasy" time="0.036">
    <failure type="java.lang.NullPointerException">
      <![CDATA[java.lang.NullPointerException
at java.base/java.io.Reader.<init>(Reader.java:168)
at java.base/java.io.InputStreamReader.<init>(InputStreamReader.java:76)
at com.sn.ajr.ProjGSheet.authorize(ProjGSheet.java:30)
at com.sn.ajr.ProjGSheet.getSheetsService(ProjGSheet.java:46)
at suite1.suite1downloads.testEasy(suite1downloads.java:27)
at java.base/java.util.concurrent.ThreadPoolExecutor.runWorker(ThreadPoolExecutor.java:1136)
at java.base/java.util.concurrent.ThreadPoolExecutor$Worker.run(ThreadPoolExecutor.java:635)
at java.base/java.lang.Thread.run(Thread.java:833)
... Removed 12 stack frames]]>
    </failure>
  </testcase> <!-- testEasy -->
</testsuite> <!-- get -->
