<?xml version="1.0" encoding="UTF-8"?>
<!-- Generated by org.testng.reporters.JUnitXMLReporter -->
<testsuite ignored="0" hostname="PF1A7WE7" failures="0" tests="2" name="suite1" time="0.08" errors="0" timestamp="2022-10-08T08:26:09 IST">
  <testcase classname="suite2.File1" name="@BeforeTest beforeTest" time="0.021">
    <failure type="java.lang.NoSuchMethodError" message="&amp;apos;org.openqa.selenium.chrome.ChromeOptions org.openqa.selenium.chrome.ChromeOptions.setExperimentalOption(java.lang.String, java.lang.Object)&amp;apos;">
      <![CDATA[java.lang.NoSuchMethodError: 'org.openqa.selenium.chrome.ChromeOptions org.openqa.selenium.chrome.ChromeOptions.setExperimentalOption(java.lang.String, java.lang.Object)'
at suite2.File1.beforeTest(File1.java:182)
... Removed 24 stack frames]]>
    </failure>
  </testcase> <!-- @BeforeTest beforeTest -->
  <testcase classname="suite1.downloads" name="@BeforeTest beforeTest" time="-1.665197769183E9">
    <skipped/>
  </testcase> <!-- @BeforeTest beforeTest -->
  <testcase classname="suite2.File1" name="@AfterTest afterTest" time="-1.665197769225E9">
    <skipped/>
  </testcase> <!-- @AfterTest afterTest -->
  <testcase classname="suite1.downloads" name="@AfterTest afterTest" time="-1.665197769226E9">
    <skipped/>
  </testcase> <!-- @AfterTest afterTest -->
  <testcase classname="suite1.downloads" name="testEasy" time="0.0">
    <skipped/>
  </testcase> <!-- testEasy -->
  <testcase classname="suite2.File1" name="testEasy" time="0.0">
    <skipped/>
  </testcase> <!-- testEasy -->
</testsuite> <!-- suite1 -->
