<?xml version="1.0" encoding="UTF-8"?>
<!-- Generated by org.testng.reporters.JUnitXMLReporter -->
<testsuite ignored="0" hostname="PF1A7WE7" failures="1" tests="1" name="Test" time="3.733" errors="0" timestamp="2022-10-12T18:21:31 IST">
  <testcase classname="com.sn.ajr.downloads.Part1" name="testEasy" time="3.693">
    <failure type="com.google.api.client.auth.oauth2.TokenResponseException" message="401 Unauthorized
POST https://oauth2.googleapis.com/token">
      <![CDATA[com.google.api.client.auth.oauth2.TokenResponseException: 401 Unauthorized
POST https://oauth2.googleapis.com/token
at com.google.api.client.auth.oauth2.TokenResponseException.from(TokenResponseException.java:103)
at com.google.api.client.auth.oauth2.TokenRequest.executeUnparsed(TokenRequest.java:308)
at com.google.api.client.auth.oauth2.TokenRequest.execute(TokenRequest.java:324)
at com.google.api.client.auth.oauth2.Credential.executeRefreshToken(Credential.java:547)
at com.google.api.client.auth.oauth2.Credential.refreshToken(Credential.java:470)
at com.google.api.client.auth.oauth2.Credential.intercept(Credential.java:201)
at com.google.api.client.http.HttpRequest.execute(HttpRequest.java:880)
at com.google.api.client.googleapis.services.AbstractGoogleClientRequest.executeUnparsed(AbstractGoogleClientRequest.java:514)
at com.google.api.client.googleapis.services.AbstractGoogleClientRequest.executeUnparsed(AbstractGoogleClientRequest.java:455)
at com.google.api.client.googleapis.services.AbstractGoogleClientRequest.execute(AbstractGoogleClientRequest.java:565)
at com.sn.ajr.SuiteGSheet.getCellData(SuiteGSheet.java:77)
at com.sn.ajr.downloads.Part1.testEasy(Part1.java:51)
at java.base/java.util.ArrayList.forEach(ArrayList.java:1511)
... Removed 27 stack frames]]>
    </failure>
  </testcase> <!-- testEasy -->
</testsuite> <!-- Test -->
